Starting a Gradle Daemon, 48 stopped Daemons could not be reused, use --status for details
:div-microservice:compileJava UP-TO-DATE
:div-microservice:processResources UP-TO-DATE
:div-microservice:classes UP-TO-DATE
:div-microservice:run
Using main class: com.github.diegopacheco.sandbox.java.netflixoss.karyon.KaryonJerseyServerApp
11:33:07.299 [main] INFO  c.n.g.guice.LifecycleInjector - Found bootstrap annotation netflix.karyon.archaius.ArchaiusBootstrap
11:33:07.332 [main] INFO  c.n.g.guice.LifecycleInjector - Adding BootstrapModule class netflix.karyon.archaius.ArchaiusBootstrapModule
11:33:07.335 [main] INFO  c.n.g.guice.LifecycleInjector - Found bootstrap annotation netflix.karyon.KaryonBootstrap
11:33:07.336 [main] INFO  c.n.g.guice.LifecycleInjector - Adding BootstrapModule class netflix.karyon.KaryonBootstrapModule
11:33:07.348 [main] INFO  c.n.g.guice.LifecycleInjector - Found bootstrap annotation com.netflix.governator.annotations.Modules
11:33:07.361 [main] INFO  c.n.g.guice.LifecycleInjector - Adding BootstrapModule class com.netflix.governator.guice.bootstrap.ModulesBootstrap
11:33:07.485 [main] DEBUG c.n.g.lifecycle.ClasspathScanner - Starting classpath scanning...
11:33:07.486 [main] WARN  c.n.g.lifecycle.ClasspathScanner - No base packages specified - no classpath scanning will be done
11:33:07.486 [main] DEBUG c.n.g.lifecycle.ClasspathScanner - Classpath scanning done
11:33:07.507 [main] WARN  c.n.c.sources.URLConfigurationSource - No URLs will be polled as dynamic configuration sources.
11:33:07.507 [main] INFO  c.n.c.sources.URLConfigurationSource - To enable URLs as dynamic configuration sources, define System property archaius.configurationSource.additionalUrls or make config.properties available on classpath.
11:33:07.528 [main] INFO  c.n.config.DynamicPropertyFactory - DynamicPropertyFactory is initialized with configuration sources: com.netflix.config.ConcurrentCompositeConfiguration@222545dc
11:33:08.425 [main] INFO  n.k.archaius.DefaultPropertiesLoader - Loading application properties with app id: div-microservice and environment: dev
11:33:08.981 [main] INFO  c.n.config.util.ConfigurationUtils - Loaded properties file file:/home/ilegra0088/%c3%81rea%20de%20Trabalho/Cloud-Native/jts.cloud-native.2018.2/felipe-grings/Tema-8-PowMicroservices/div-microservice/build/resources/main/div-microservice.properties
11:33:09.324 [main] INFO  org.hibernate.validator.util.Version - Hibernate Validator 4.1.0.Final
11:33:09.328 [main] DEBUG o.h.v.e.r.DefaultTraversableResolver - Cannot find javax.persistence.PersistenceUtil on classpath. All properties will per default be traversable.
11:33:09.752 [main] DEBUG o.h.v.xml.ValidationXmlParser - No META-INF/validation.xml found. Using annotation based configuration only
11:33:10.237 [main] INFO  c.n.g.guice.ModuleListBuilder - Getting instance of : netflix.karyon.ShutdownModule
11:33:10.238 [main] INFO  c.n.g.guice.ModuleListBuilder - Adding module 'netflix.karyon.ShutdownModule
11:33:10.238 [main] INFO  c.n.g.guice.ModuleListBuilder - Getting instance of : netflix.adminresources.resources.KaryonWebAdminModule
11:33:10.238 [main] INFO  c.n.g.guice.ModuleListBuilder - Adding module 'netflix.adminresources.resources.KaryonWebAdminModule
11:33:10.238 [main] INFO  c.n.g.guice.ModuleListBuilder - Getting instance of : netflix.karyon.servo.KaryonServoModule
11:33:10.238 [main] INFO  c.n.g.guice.ModuleListBuilder - Adding module 'netflix.karyon.servo.KaryonServoModule
11:33:10.238 [main] INFO  c.n.g.guice.ModuleListBuilder - Getting instance of : com.github.diegopacheco.sandbox.java.netflixoss.karyon.KaryonJerseyServerApp$KaryonJerseyModuleImpl
11:33:10.268 [main] INFO  c.n.g.guice.ModuleListBuilder - Adding module 'com.github.diegopacheco.sandbox.java.netflixoss.karyon.KaryonJerseyServerApp$KaryonJerseyModuleImpl
11:33:10.288 [main] INFO  c.n.g.guice.ModuleListBuilder - Getting instance of : netflix.karyon.eureka.KaryonEurekaModule
11:33:10.288 [main] INFO  c.n.g.guice.ModuleListBuilder - Adding module 'netflix.karyon.eureka.KaryonEurekaModule
11:33:10.857 [main] DEBUG i.n.u.i.l.InternalLoggerFactory - Using SLF4J as the default logging framework
11:33:10.858 [main] DEBUG i.n.c.MultithreadEventLoopGroup - -Dio.netty.eventLoopThreads: 8
11:33:10.985 [main] DEBUG i.n.util.internal.PlatformDependent0 - java.nio.Buffer.address: available
11:33:10.985 [main] DEBUG i.n.util.internal.PlatformDependent0 - sun.misc.Unsafe.theUnsafe: available
11:33:10.990 [main] DEBUG i.n.util.internal.PlatformDependent0 - sun.misc.Unsafe.copyMemory: available
11:33:10.990 [main] DEBUG i.n.util.internal.PlatformDependent0 - java.nio.Bits.unaligned: true
11:33:10.991 [main] DEBUG i.n.util.internal.PlatformDependent - Java version: 8
11:33:10.996 [main] DEBUG i.n.util.internal.PlatformDependent - -Dio.netty.noUnsafe: false
11:33:10.997 [main] DEBUG i.n.util.internal.PlatformDependent - sun.misc.Unsafe: available
11:33:10.998 [main] DEBUG i.n.util.internal.PlatformDependent - -Dio.netty.noJavassist: false
11:33:11.003 [main] DEBUG i.n.util.internal.PlatformDependent - Javassist: unavailable
11:33:11.006 [main] DEBUG i.n.util.internal.PlatformDependent - You don't have Javassist in your class path or you don't have enough permission to load dynamically generated classes.  Please check the configuration for better performance.
11:33:11.007 [main] DEBUG i.n.util.internal.PlatformDependent - -Dio.netty.tmpdir: /tmp (java.io.tmpdir)
11:33:11.009 [main] DEBUG i.n.util.internal.PlatformDependent - -Dio.netty.bitMode: 64 (sun.arch.data.model)
11:33:11.010 [main] DEBUG i.n.util.internal.PlatformDependent - -Dio.netty.noPreferDirect: false
11:33:11.084 [main] DEBUG io.netty.channel.nio.NioEventLoop - -Dio.netty.noKeySetOptimization: false
11:33:11.085 [main] DEBUG io.netty.channel.nio.NioEventLoop - -Dio.netty.selectorAutoRebuildThreshold: 512
11:33:11.424 [main] DEBUG i.n.buffer.PooledByteBufAllocator - -Dio.netty.allocator.numHeapArenas: 4
11:33:11.424 [main] DEBUG i.n.buffer.PooledByteBufAllocator - -Dio.netty.allocator.numDirectArenas: 4
11:33:11.425 [main] DEBUG i.n.buffer.PooledByteBufAllocator - -Dio.netty.allocator.pageSize: 8192
11:33:11.425 [main] DEBUG i.n.buffer.PooledByteBufAllocator - -Dio.netty.allocator.maxOrder: 11
11:33:11.425 [main] DEBUG i.n.buffer.PooledByteBufAllocator - -Dio.netty.allocator.chunkSize: 16777216
11:33:11.425 [main] DEBUG i.n.buffer.PooledByteBufAllocator - -Dio.netty.allocator.tinyCacheSize: 512
11:33:11.425 [main] DEBUG i.n.buffer.PooledByteBufAllocator - -Dio.netty.allocator.smallCacheSize: 256
11:33:11.425 [main] DEBUG i.n.buffer.PooledByteBufAllocator - -Dio.netty.allocator.normalCacheSize: 64
11:33:11.425 [main] DEBUG i.n.buffer.PooledByteBufAllocator - -Dio.netty.allocator.maxCachedBufferCapacity: 32768
11:33:11.425 [main] DEBUG i.n.buffer.PooledByteBufAllocator - -Dio.netty.allocator.cacheTrimInterval: 8192
11:33:11.860 [main] DEBUG c.n.g.lifecycle.LifecycleManager - Starting netflix.karyon.jersey.blocking.JerseyBasedRouter
11:33:11.864 [main] DEBUG c.n.g.lifecycle.LifecycleManager - 	start()
11:33:11.957 [main] INFO  n.k.j.b.PropertiesBasedResourceConfig - Packages to scan by jersey [com.github.diegopacheco.sandbox.java.netflixoss.karyon.rest]
11:33:13.372 [main] INFO  n.k.j.blocking.JerseyBasedRouter - Started Jersey based request router.
11:33:13.971 [main] DEBUG i.n.util.internal.ThreadLocalRandom - -Dio.netty.initialSeedUniquifier: 0xa24a2bd5d9a81baa (took 42 ms)
11:33:14.002 [main] DEBUG io.netty.buffer.ByteBufUtil - -Dio.netty.allocator.type: unpooled
11:33:14.003 [main] DEBUG io.netty.buffer.ByteBufUtil - -Dio.netty.threadLocalDirectBufferSize: 65536
11:33:14.017 [main] DEBUG io.netty.util.NetUtil - Loopback interface: lo (lo, 127.0.0.1)
11:33:14.018 [main] DEBUG io.netty.util.NetUtil - /proc/sys/net/core/somaxconn: 128
11:33:14.314 [rxnetty-nio-eventloop-1-1] DEBUG i.n.util.internal.PlatformDependent - UID: 1000
11:33:14.317 [main] INFO  i.r.netty.server.AbstractServer - Rx server started at port: 6001
11:33:14.317 [main] INFO  n.k.t.http.HttpRxServerProvider - Starting server karyonJerseyModule on port 6001...
11:33:14.318 [main] DEBUG c.n.g.lifecycle.LifecycleManager - Starting netflix.karyon.transport.http.HttpRxServerProvider
11:33:14.334 [main] DEBUG c.n.g.lifecycle.LifecycleManager - Starting netflix.karyon.ShutdownModule$ShutdownServer
11:33:14.334 [main] DEBUG c.n.g.lifecycle.LifecycleManager - 	start()
11:33:14.358 [main] INFO  i.r.netty.server.AbstractServer - Rx server started at port: 7002
11:33:14.382 [main] DEBUG c.n.g.lifecycle.LifecycleManager - Starting netflix.adminresources.AdminResourcesContainer
11:33:14.382 [main] DEBUG c.n.g.lifecycle.LifecycleManager - 	init()
11:33:14.383 [main] DEBUG c.n.g.lifecycle.ClasspathScanner - Starting classpath scanning...
11:33:14.383 [main] INFO  c.n.g.lifecycle.ClasspathScanner - Scanning packages : [netflix] for annotations [interface netflix.adminresources.AdminPage]
11:33:14.508 [main] DEBUG c.n.g.lifecycle.ClasspathScanner - Classpath scanning done
11:33:14.622 [main] INFO  org.mortbay.log - Logging to Logger[org.mortbay.log] via org.mortbay.log.Slf4jLog
11:33:14.628 [main] DEBUG org.mortbay.log - Container Server@faa3fed + SocketConnector@0.0.0.0:8077 as connector
11:33:14.718 [main] DEBUG org.mortbay.log - filterNameMap={netflix.adminresources.RedirectFilter=netflix.adminresources.RedirectFilter}
11:33:14.719 [main] DEBUG org.mortbay.log - pathFilters=[(F=netflix.adminresources.RedirectFilter,[/*],[],0)]
11:33:14.719 [main] DEBUG org.mortbay.log - servletFilterMap=null
11:33:14.719 [main] DEBUG org.mortbay.log - servletPathMap=null
11:33:14.719 [main] DEBUG org.mortbay.log - servletNameMap=null
11:33:14.786 [main] DEBUG org.mortbay.log - filterNameMap={netflix.adminresources.RedirectFilter=netflix.adminresources.RedirectFilter}
11:33:14.786 [main] DEBUG org.mortbay.log - pathFilters=[(F=netflix.adminresources.RedirectFilter,[/*],[],0)]
11:33:14.786 [main] DEBUG org.mortbay.log - servletFilterMap=null
11:33:14.786 [main] DEBUG org.mortbay.log - servletPathMap={/*=org.mortbay.jetty.servlet.DefaultServlet-559998250}
11:33:14.786 [main] DEBUG org.mortbay.log - servletNameMap={org.mortbay.jetty.servlet.DefaultServlet-559998250=org.mortbay.jetty.servlet.DefaultServlet-559998250}
11:33:14.833 [main] DEBUG org.mortbay.log - filterNameMap={netflix.adminresources.LoggingFilter-1397530667=netflix.adminresources.LoggingFilter-1397530667}
11:33:14.833 [main] DEBUG org.mortbay.log - pathFilters=[(F=netflix.adminresources.LoggingFilter-1397530667,[/*],[],0)]
11:33:14.833 [main] DEBUG org.mortbay.log - servletFilterMap=null
11:33:14.833 [main] DEBUG org.mortbay.log - servletPathMap=null
11:33:14.833 [main] DEBUG org.mortbay.log - servletNameMap=null
11:33:14.833 [main] DEBUG org.mortbay.log - filterNameMap={netflix.adminresources.RedirectFilter=netflix.adminresources.RedirectFilter, netflix.adminresources.LoggingFilter-1397530667=netflix.adminresources.LoggingFilter-1397530667}
11:33:14.833 [main] DEBUG org.mortbay.log - pathFilters=[(F=netflix.adminresources.LoggingFilter-1397530667,[/*],[],0), (F=netflix.adminresources.RedirectFilter,[/*],[],0)]
11:33:14.833 [main] DEBUG org.mortbay.log - servletFilterMap=null
11:33:14.840 [main] DEBUG org.mortbay.log - servletPathMap=null
11:33:14.840 [main] DEBUG org.mortbay.log - servletNameMap=null
11:33:14.841 [main] DEBUG org.mortbay.log - filterNameMap={netflix.adminresources.AdminResourcesFilter=netflix.adminresources.AdminResourcesFilter, netflix.adminresources.RedirectFilter=netflix.adminresources.RedirectFilter, netflix.adminresources.LoggingFilter-1397530667=netflix.adminresources.LoggingFilter-1397530667}
11:33:14.841 [main] DEBUG org.mortbay.log - pathFilters=[(F=netflix.adminresources.LoggingFilter-1397530667,[/*],[],0), (F=netflix.adminresources.RedirectFilter,[/*],[],0), (F=netflix.adminresources.AdminResourcesFilter,[/*],[],0)]
11:33:14.841 [main] DEBUG org.mortbay.log - servletFilterMap=null
11:33:14.841 [main] DEBUG org.mortbay.log - servletPathMap=null
11:33:14.841 [main] DEBUG org.mortbay.log - servletNameMap=null
11:33:14.845 [main] DEBUG org.mortbay.log - filterNameMap={netflix.adminresources.AdminResourcesFilter=netflix.adminresources.AdminResourcesFilter, netflix.adminresources.RedirectFilter=netflix.adminresources.RedirectFilter, netflix.adminresources.LoggingFilter-1397530667=netflix.adminresources.LoggingFilter-1397530667}
11:33:14.845 [main] DEBUG org.mortbay.log - pathFilters=[(F=netflix.adminresources.LoggingFilter-1397530667,[/*],[],0), (F=netflix.adminresources.RedirectFilter,[/*],[],0), (F=netflix.adminresources.AdminResourcesFilter,[/*],[],0)]
11:33:14.845 [main] DEBUG org.mortbay.log - servletFilterMap=null
11:33:14.845 [main] DEBUG org.mortbay.log - servletPathMap={/*=org.mortbay.jetty.servlet.DefaultServlet-698498109}
11:33:14.845 [main] DEBUG org.mortbay.log - servletNameMap={org.mortbay.jetty.servlet.DefaultServlet-698498109=org.mortbay.jetty.servlet.DefaultServlet-698498109}
11:33:14.845 [main] DEBUG org.mortbay.log - filterNameMap={netflix.adminresources.RedirectFilter=netflix.adminresources.RedirectFilter}
11:33:14.845 [main] DEBUG org.mortbay.log - pathFilters=[(F=netflix.adminresources.RedirectFilter,[/*],[],0)]
11:33:14.845 [main] DEBUG org.mortbay.log - servletFilterMap=null
11:33:14.845 [main] DEBUG org.mortbay.log - servletPathMap=null
11:33:14.845 [main] DEBUG org.mortbay.log - servletNameMap=null
11:33:14.845 [main] DEBUG org.mortbay.log - filterNameMap={netflix.adminresources.AdminResourcesFilter=netflix.adminresources.AdminResourcesFilter, netflix.adminresources.RedirectFilter=netflix.adminresources.RedirectFilter}
11:33:14.845 [main] DEBUG org.mortbay.log - pathFilters=[(F=netflix.adminresources.RedirectFilter,[/*],[],0), (F=netflix.adminresources.AdminResourcesFilter,[/*],[],0)]
11:33:14.845 [main] DEBUG org.mortbay.log - servletFilterMap=null
11:33:14.845 [main] DEBUG org.mortbay.log - servletPathMap=null
11:33:14.845 [main] DEBUG org.mortbay.log - servletNameMap=null
11:33:14.861 [main] DEBUG org.mortbay.log - filterNameMap={netflix.adminresources.AdminResourcesFilter=netflix.adminresources.AdminResourcesFilter, netflix.adminresources.RedirectFilter=netflix.adminresources.RedirectFilter}
11:33:14.862 [main] DEBUG org.mortbay.log - pathFilters=[(F=netflix.adminresources.RedirectFilter,[/*],[],0), (F=netflix.adminresources.AdminResourcesFilter,[/*],[],0)]
11:33:14.862 [main] DEBUG org.mortbay.log - servletFilterMap=null
11:33:14.862 [main] DEBUG org.mortbay.log - servletPathMap={/*=org.mortbay.jetty.servlet.DefaultServlet-1265287441}
11:33:14.862 [main] DEBUG org.mortbay.log - servletNameMap={org.mortbay.jetty.servlet.DefaultServlet-1265287441=org.mortbay.jetty.servlet.DefaultServlet-1265287441}
11:33:14.863 [main] DEBUG org.mortbay.log - Container Server@faa3fed + org.mortbay.thread.QueuedThreadPool@3068b369 as threadpool
11:33:14.865 [main] DEBUG org.mortbay.log - Container Server@faa3fed + HandlerCollection@45394b31 as handler
11:33:14.865 [main] DEBUG org.mortbay.log - Container ServletHandler@1ec7d8b3 + netflix.adminresources.LoggingFilter-1397530667 as filter
11:33:14.865 [main] DEBUG org.mortbay.log - Container ServletHandler@1ec7d8b3 + netflix.adminresources.RedirectFilter as filter
11:33:14.865 [main] DEBUG org.mortbay.log - Container ServletHandler@1ec7d8b3 + netflix.adminresources.AdminResourcesFilter as filter
11:33:14.865 [main] DEBUG org.mortbay.log - Container ServletHandler@1ec7d8b3 + (F=netflix.adminresources.LoggingFilter-1397530667,[/*],[],0) as filterMapping
11:33:14.869 [main] DEBUG org.mortbay.log - Container ServletHandler@1ec7d8b3 + (F=netflix.adminresources.RedirectFilter,[/*],[],0) as filterMapping
11:33:14.869 [main] DEBUG org.mortbay.log - Container ServletHandler@1ec7d8b3 + (F=netflix.adminresources.AdminResourcesFilter,[/*],[],0) as filterMapping
11:33:14.869 [main] DEBUG org.mortbay.log - Container ServletHandler@1ec7d8b3 + org.mortbay.jetty.servlet.DefaultServlet-698498109 as servlet
11:33:14.869 [main] DEBUG org.mortbay.log - Container ServletHandler@1ec7d8b3 + (S=org.mortbay.jetty.servlet.DefaultServlet-698498109,[/*]) as servletMapping
11:33:14.869 [main] DEBUG org.mortbay.log - Container SessionHandler@3b0ca5e1 + ServletHandler@1ec7d8b3 as handler
11:33:14.869 [main] DEBUG org.mortbay.log - Container SessionHandler@3b0ca5e1 + org.mortbay.jetty.servlet.HashSessionManager@5bb3131b as sessionManager
11:33:14.869 [main] DEBUG org.mortbay.log - Container org.mortbay.jetty.servlet.Context@54dcbb9f{/admin,null} + SessionHandler@3b0ca5e1 as handler
11:33:14.869 [main] DEBUG org.mortbay.log - Container ServletHandler@74fef3f7 + netflix.adminresources.RedirectFilter as filter
11:33:14.869 [main] DEBUG org.mortbay.log - Container ServletHandler@74fef3f7 + netflix.adminresources.AdminResourcesFilter as filter
11:33:14.869 [main] DEBUG org.mortbay.log - Container ServletHandler@74fef3f7 + (F=netflix.adminresources.RedirectFilter,[/*],[],0) as filterMapping
11:33:14.869 [main] DEBUG org.mortbay.log - Container ServletHandler@74fef3f7 + (F=netflix.adminresources.AdminResourcesFilter,[/*],[],0) as filterMapping
11:33:14.869 [main] DEBUG org.mortbay.log - Container ServletHandler@74fef3f7 + org.mortbay.jetty.servlet.DefaultServlet-1265287441 as servlet
11:33:14.869 [main] DEBUG org.mortbay.log - Container ServletHandler@74fef3f7 + (S=org.mortbay.jetty.servlet.DefaultServlet-1265287441,[/*]) as servletMapping
11:33:14.869 [main] DEBUG org.mortbay.log - Container org.mortbay.jetty.servlet.Context@2a037324{/webadmin,null} + ServletHandler@74fef3f7 as handler
11:33:14.869 [main] DEBUG org.mortbay.log - Container ServletHandler@69eb86b4 + netflix.adminresources.RedirectFilter as filter
11:33:14.869 [main] DEBUG org.mortbay.log - Container ServletHandler@69eb86b4 + (F=netflix.adminresources.RedirectFilter,[/*],[],0) as filterMapping
11:33:14.869 [main] DEBUG org.mortbay.log - Container ServletHandler@69eb86b4 + org.mortbay.jetty.servlet.DefaultServlet-559998250 as servlet
11:33:14.869 [main] DEBUG org.mortbay.log - Container ServletHandler@69eb86b4 + (S=org.mortbay.jetty.servlet.DefaultServlet-559998250,[/*]) as servletMapping
11:33:14.869 [main] DEBUG org.mortbay.log - Container org.mortbay.jetty.servlet.Context@585ac855{/,null} + ServletHandler@69eb86b4 as handler
11:33:14.870 [main] DEBUG org.mortbay.log - Container HandlerCollection@45394b31 + org.mortbay.jetty.servlet.Context@54dcbb9f{/admin,null} as handler
11:33:14.870 [main] DEBUG org.mortbay.log - Container HandlerCollection@45394b31 + org.mortbay.jetty.servlet.Context@2a037324{/webadmin,null} as handler
11:33:14.870 [main] DEBUG org.mortbay.log - Container HandlerCollection@45394b31 + org.mortbay.jetty.servlet.Context@585ac855{/,null} as handler
11:33:14.870 [main] INFO  org.mortbay.log - jetty-6.1.26
11:33:14.927 [main] DEBUG org.mortbay.log - started org.mortbay.thread.QueuedThreadPool@3068b369
11:33:14.949 [main] DEBUG org.mortbay.log - Container org.mortbay.jetty.servlet.Context@54dcbb9f{/admin,null} + ErrorHandler@21f9277b as errorHandler
11:33:14.949 [main] DEBUG org.mortbay.log - Container Server@faa3fed + org.mortbay.jetty.servlet.HashSessionIdManager@52a36910 as sessionIdManager
11:33:14.949 [main] DEBUG org.mortbay.log - Init SecureRandom.
11:33:14.954 [main] DEBUG org.mortbay.log - started org.mortbay.jetty.servlet.HashSessionIdManager@52a36910
11:33:14.972 [main] DEBUG org.mortbay.log - started org.mortbay.jetty.servlet.HashSessionManager@5bb3131b
11:33:14.972 [main] DEBUG org.mortbay.log - filterNameMap={netflix.adminresources.AdminResourcesFilter=netflix.adminresources.AdminResourcesFilter, netflix.adminresources.RedirectFilter=netflix.adminresources.RedirectFilter, netflix.adminresources.LoggingFilter-1397530667=netflix.adminresources.LoggingFilter-1397530667}
11:33:14.972 [main] DEBUG org.mortbay.log - pathFilters=[(F=netflix.adminresources.LoggingFilter-1397530667,[/*],[],0), (F=netflix.adminresources.RedirectFilter,[/*],[],0), (F=netflix.adminresources.AdminResourcesFilter,[/*],[],0)]
11:33:14.972 [main] DEBUG org.mortbay.log - servletFilterMap=null
11:33:14.972 [main] DEBUG org.mortbay.log - servletPathMap={/*=org.mortbay.jetty.servlet.DefaultServlet-698498109}
11:33:14.972 [main] DEBUG org.mortbay.log - servletNameMap={org.mortbay.jetty.servlet.DefaultServlet-698498109=org.mortbay.jetty.servlet.DefaultServlet-698498109}
11:33:14.972 [main] DEBUG org.mortbay.log - starting ServletHandler@1ec7d8b3
11:33:14.972 [main] DEBUG org.mortbay.log - started ServletHandler@1ec7d8b3
11:33:14.973 [main] DEBUG org.mortbay.log - starting SessionHandler@3b0ca5e1
11:33:14.973 [main] DEBUG org.mortbay.log - started SessionHandler@3b0ca5e1
11:33:14.973 [main] DEBUG org.mortbay.log - starting org.mortbay.jetty.servlet.Context@54dcbb9f{/admin,null}
11:33:14.973 [main] DEBUG org.mortbay.log - starting ErrorHandler@21f9277b
11:33:14.973 [main] DEBUG org.mortbay.log - started ErrorHandler@21f9277b
11:33:14.973 [main] DEBUG org.mortbay.log - started netflix.adminresources.LoggingFilter-1397530667
11:33:14.973 [main] DEBUG org.mortbay.log - started netflix.adminresources.RedirectFilter
11:33:15.750 [main] DEBUG c.n.g.lifecycle.LifecycleManager - Starting netflix.admin.AdminExplorerManager
11:33:15.751 [main] DEBUG c.n.g.lifecycle.LifecycleManager - 	initialize()
11:33:15.770 [main] INFO  c.n.explorers.AbstractExplorerModule - Initialize baseserver
11:33:15.774 [main] INFO  c.n.explorers.AbstractExplorerModule - AbstractExplorerModule [name=baseserver, title=Admin Resources, description=Admin web resources, layoutName=bootstrap, isSecure=false, rootMenu=null, rolesAllowed=[]]
11:33:15.990 [main] DEBUG c.n.g.lifecycle.LifecycleManager - Starting netflix.admin.AdminFreemarkerTemplateProvider
11:33:15.990 [main] DEBUG c.n.g.lifecycle.LifecycleManager - 	commonConstruct()
11:33:17.287 [main] DEBUG org.mortbay.log - started netflix.adminresources.AdminResourcesFilter
11:33:17.289 [main] DEBUG org.mortbay.log - Checking Resource aliases
11:33:17.290 [main] DEBUG org.mortbay.log - started org.mortbay.jetty.servlet.DefaultServlet$NIOResourceCache@778db7c5
11:33:17.290 [main] DEBUG org.mortbay.log - resource base = null
11:33:17.290 [main] DEBUG org.mortbay.log - started org.mortbay.jetty.servlet.DefaultServlet-698498109
11:33:17.290 [main] DEBUG org.mortbay.log - started org.mortbay.jetty.servlet.Context@54dcbb9f{/admin,null}
11:33:17.290 [main] DEBUG org.mortbay.log - Container org.mortbay.jetty.servlet.Context@2a037324{/webadmin,null} + ErrorHandler@681e144 as errorHandler
11:33:17.291 [main] DEBUG org.mortbay.log - filterNameMap={netflix.adminresources.AdminResourcesFilter=netflix.adminresources.AdminResourcesFilter, netflix.adminresources.RedirectFilter=netflix.adminresources.RedirectFilter}
11:33:17.291 [main] DEBUG org.mortbay.log - pathFilters=[(F=netflix.adminresources.RedirectFilter,[/*],[],0), (F=netflix.adminresources.AdminResourcesFilter,[/*],[],0)]
11:33:17.291 [main] DEBUG org.mortbay.log - servletFilterMap=null
11:33:17.302 [main] DEBUG org.mortbay.log - servletPathMap={/*=org.mortbay.jetty.servlet.DefaultServlet-1265287441}
11:33:17.302 [main] DEBUG org.mortbay.log - servletNameMap={org.mortbay.jetty.servlet.DefaultServlet-1265287441=org.mortbay.jetty.servlet.DefaultServlet-1265287441}
11:33:17.302 [main] DEBUG org.mortbay.log - starting ServletHandler@74fef3f7
11:33:17.302 [main] DEBUG org.mortbay.log - started ServletHandler@74fef3f7
11:33:17.302 [main] DEBUG org.mortbay.log - starting org.mortbay.jetty.servlet.Context@2a037324{/webadmin,null}
11:33:17.302 [main] DEBUG org.mortbay.log - starting ErrorHandler@681e144
11:33:17.302 [main] DEBUG org.mortbay.log - started ErrorHandler@681e144
11:33:17.302 [main] DEBUG org.mortbay.log - started netflix.adminresources.RedirectFilter
11:33:17.596 [main] INFO  c.n.e.p.WebApplicationExceptionMapper - GenericExceptionMapper Created
11:33:17.712 [main] DEBUG c.n.g.lifecycle.LifecycleManager - Starting netflix.admin.AdminFreemarkerTemplateProvider
11:33:17.714 [main] DEBUG c.n.g.lifecycle.LifecycleManager - 	commonConstruct()
11:33:18.066 [main] DEBUG org.mortbay.log - started netflix.adminresources.AdminResourcesFilter
11:33:18.067 [main] DEBUG org.mortbay.log - started org.mortbay.jetty.servlet.DefaultServlet$NIOResourceCache@3bd3d05e
11:33:18.067 [main] DEBUG org.mortbay.log - resource base = null
11:33:18.067 [main] DEBUG org.mortbay.log - started org.mortbay.jetty.servlet.DefaultServlet-1265287441
11:33:18.067 [main] DEBUG org.mortbay.log - started org.mortbay.jetty.servlet.Context@2a037324{/webadmin,null}
11:33:18.067 [main] DEBUG org.mortbay.log - Container org.mortbay.jetty.servlet.Context@585ac855{/,null} + ErrorHandler@6aba5d30 as errorHandler
11:33:18.067 [main] DEBUG org.mortbay.log - filterNameMap={netflix.adminresources.RedirectFilter=netflix.adminresources.RedirectFilter}
11:33:18.067 [main] DEBUG org.mortbay.log - pathFilters=[(F=netflix.adminresources.RedirectFilter,[/*],[],0)]
11:33:18.067 [main] DEBUG org.mortbay.log - servletFilterMap=null
11:33:18.067 [main] DEBUG org.mortbay.log - servletPathMap={/*=org.mortbay.jetty.servlet.DefaultServlet-559998250}
11:33:18.067 [main] DEBUG org.mortbay.log - servletNameMap={org.mortbay.jetty.servlet.DefaultServlet-559998250=org.mortbay.jetty.servlet.DefaultServlet-559998250}
11:33:18.067 [main] DEBUG org.mortbay.log - starting ServletHandler@69eb86b4
11:33:18.067 [main] DEBUG org.mortbay.log - started ServletHandler@69eb86b4
11:33:18.067 [main] DEBUG org.mortbay.log - starting org.mortbay.jetty.servlet.Context@585ac855{/,null}
11:33:18.067 [main] DEBUG org.mortbay.log - starting ErrorHandler@6aba5d30
11:33:18.067 [main] DEBUG org.mortbay.log - started ErrorHandler@6aba5d30
11:33:18.067 [main] DEBUG org.mortbay.log - started netflix.adminresources.RedirectFilter
11:33:18.068 [main] DEBUG org.mortbay.log - started org.mortbay.jetty.servlet.DefaultServlet$NIOResourceCache@61d34b4
11:33:18.068 [main] DEBUG org.mortbay.log - resource base = null
11:33:18.068 [main] DEBUG org.mortbay.log - started org.mortbay.jetty.servlet.DefaultServlet-559998250
11:33:18.068 [main] DEBUG org.mortbay.log - started org.mortbay.jetty.servlet.Context@585ac855{/,null}
11:33:18.069 [main] DEBUG org.mortbay.log - starting HandlerCollection@45394b31
11:33:18.069 [main] DEBUG org.mortbay.log - started HandlerCollection@45394b31
11:33:18.069 [main] DEBUG org.mortbay.log - starting Server@faa3fed
11:33:18.070 [main] INFO  org.mortbay.log - Started SocketConnector@0.0.0.0:8077
11:33:18.071 [main] DEBUG org.mortbay.log - started SocketConnector@0.0.0.0:8077
11:33:18.071 [main] DEBUG org.mortbay.log - started Server@faa3fed
11:33:18.144 [main] INFO  c.n.config.util.ConfigurationUtils - Loaded properties file file:/home/ilegra0088/%c3%81rea%20de%20Trabalho/Cloud-Native/jts.cloud-native.2018.2/felipe-grings/Tema-8-PowMicroservices/div-microservice/build/resources/main/eureka-client.properties
11:34:28.516 [rxnetty-nio-eventloop-3-1] DEBUG io.netty.util.ResourceLeakDetector - -Dio.netty.leakDetectionLevel: simple
11:34:28.551 [rxnetty-nio-eventloop-3-1] DEBUG i.n.handler.logging.LoggingHandler - [id: 0x9d80b536, /127.0.0.1:43938 => /127.0.0.1:6001] ACTIVE
11:34:28.599 [rxnetty-nio-eventloop-3-1] DEBUG i.n.handler.logging.LoggingHandler - [id: 0x9d80b536, /127.0.0.1:43938 => /127.0.0.1:6001] USER_EVENT: io.reactivex.netty.channel.NewRxConnectionEvent@5ca82cf9
11:34:28.609 [rxnetty-nio-eventloop-3-1] DEBUG io.netty.util.Recycler - -Dio.netty.recycler.maxCapacity.default: 262144
11:34:28.615 [rxnetty-nio-eventloop-3-1] DEBUG i.n.handler.logging.LoggingHandler - [id: 0x9d80b536, /127.0.0.1:43938 => /127.0.0.1:6001] RECEIVED(90B)
         +-------------------------------------------------+
         |  0  1  2  3  4  5  6  7  8  9  a  b  c  d  e  f |
+--------+-------------------------------------------------+----------------+
|00000000| 47 45 54 20 2f 6d 61 74 68 2f 64 69 76 2f 36 2f |GET /math/div/6/|
|00000010| 36 20 48 54 54 50 2f 31 2e 31 0d 0a 48 6f 73 74 |6 HTTP/1.1..Host|
|00000020| 3a 20 31 32 37 2e 30 2e 30 2e 31 3a 36 30 30 31 |: 127.0.0.1:6001|
|00000030| 0d 0a 55 73 65 72 2d 41 67 65 6e 74 3a 20 63 75 |..User-Agent: cu|
|00000040| 72 6c 2f 37 2e 35 38 2e 30 0d 0a 41 63 63 65 70 |rl/7.58.0..Accep|
|00000050| 74 3a 20 2a 2f 2a 0d 0a 0d 0a                   |t: */*....      |
+--------+-------------------------------------------------+----------------+
11:34:28.642 [rx-request-processor-5-1] DEBUG n.k.t.h.ServletStyleUriConstraintKey - Prefix match result for servlet style uri constraint for uri path /math/div/6/6/ and constraint / : true
11:34:28.642 [rx-request-processor-5-1] INFO  c.g.d.s.j.n.k.LoggingInterceptor - Logging interceptor with id 1 invoked for direction IN.
11:34:28.643 [rx-request-processor-5-1] DEBUG n.k.t.h.ServletStyleUriConstraintKey - Exact match result for servlet style uri constraint for uri path /math/div/6/6/ and constraint /math : false
11:34:28.643 [rx-request-processor-5-1] DEBUG n.k.t.h.ServletStyleUriConstraintKey - Exact match result for servlet style uri constraint for uri path /math/div/6/6/ and constraint /math/ : false
11:34:28.663 [rx-request-processor-5-1] DEBUG n.k.t.util.HttpContentInputStream - Processing complete
11:34:28.664 [rxnetty-nio-eventloop-3-1] DEBUG i.n.handler.logging.LoggingHandler - [id: 0x9d80b536, /127.0.0.1:43938 => /127.0.0.1:6001] FLUSH
11:34:28.675 [rxnetty-nio-eventloop-3-1] DEBUG i.n.handler.logging.LoggingHandler - [id: 0x9d80b536, /127.0.0.1:43938 => /127.0.0.1:6001] WRITE(73B)
         +-------------------------------------------------+
         |  0  1  2  3  4  5  6  7  8  9  a  b  c  d  e  f |
+--------+-------------------------------------------------+----------------+
|00000000| 48 54 54 50 2f 31 2e 31 20 32 30 30 20 4f 4b 0d |HTTP/1.1 200 OK.|
|00000010| 0a 43 6f 6e 74 65 6e 74 2d 54 79 70 65 3a 20 74 |.Content-Type: t|
|00000020| 65 78 74 2f 70 6c 61 69 6e 0d 0a 54 72 61 6e 73 |ext/plain..Trans|
|00000030| 66 65 72 2d 45 6e 63 6f 64 69 6e 67 3a 20 63 68 |fer-Encoding: ch|
|00000040| 75 6e 6b 65 64 0d 0a 0d 0a                      |unked....       |
+--------+-------------------------------------------------+----------------+
11:34:28.678 [RxCachedThreadScheduler-1] INFO  c.g.d.s.j.n.k.LoggingInterceptor - Logging interceptor with id 2 invoked for direction OUT.
11:34:28.681 [rxnetty-nio-eventloop-3-1] DEBUG i.n.handler.logging.LoggingHandler - [id: 0x9d80b536, /127.0.0.1:43938 => /127.0.0.1:6001] WRITE(3B)
         +-------------------------------------------------+
         |  0  1  2  3  4  5  6  7  8  9  a  b  c  d  e  f |
+--------+-------------------------------------------------+----------------+
|00000000| 33 0d 0a                                        |3..             |
+--------+-------------------------------------------------+----------------+
11:34:28.682 [rxnetty-nio-eventloop-3-1] DEBUG i.n.handler.logging.LoggingHandler - [id: 0x9d80b536, /127.0.0.1:43938 => /127.0.0.1:6001] WRITE(3B)
         +-------------------------------------------------+
         |  0  1  2  3  4  5  6  7  8  9  a  b  c  d  e  f |
+--------+-------------------------------------------------+----------------+
|00000000| 31 2e 30                                        |1.0             |
+--------+-------------------------------------------------+----------------+
11:34:28.682 [rxnetty-nio-eventloop-3-1] DEBUG i.n.handler.logging.LoggingHandler - [id: 0x9d80b536, /127.0.0.1:43938 => /127.0.0.1:6001] WRITE(2B)
         +-------------------------------------------------+
         |  0  1  2  3  4  5  6  7  8  9  a  b  c  d  e  f |
+--------+-------------------------------------------------+----------------+
|00000000| 0d 0a                                           |..              |
+--------+-------------------------------------------------+----------------+
11:34:28.682 [rxnetty-nio-eventloop-3-1] DEBUG i.n.handler.logging.LoggingHandler - [id: 0x9d80b536, /127.0.0.1:43938 => /127.0.0.1:6001] FLUSH
11:34:28.683 [rxnetty-nio-eventloop-3-1] DEBUG i.n.handler.logging.LoggingHandler - [id: 0x9d80b536, /127.0.0.1:43938 => /127.0.0.1:6001] WRITE(5B)
         +-------------------------------------------------+
         |  0  1  2  3  4  5  6  7  8  9  a  b  c  d  e  f |
+--------+-------------------------------------------------+----------------+
|00000000| 30 0d 0a 0d 0a                                  |0....           |
+--------+-------------------------------------------------+----------------+
11:34:28.683 [rxnetty-nio-eventloop-3-1] DEBUG i.n.handler.logging.LoggingHandler - [id: 0x9d80b536, /127.0.0.1:43938 => /127.0.0.1:6001] FLUSH
11:34:28.684 [rxnetty-nio-eventloop-3-1] DEBUG i.n.handler.logging.LoggingHandler - [id: 0x9d80b536, /127.0.0.1:43938 => /127.0.0.1:6001] FLUSH
11:34:28.685 [rxnetty-nio-eventloop-3-1] DEBUG i.n.handler.logging.LoggingHandler - [id: 0x9d80b536, /127.0.0.1:43938 :> /127.0.0.1:6001] FLUSH
11:34:28.685 [rxnetty-nio-eventloop-3-1] DEBUG i.n.handler.logging.LoggingHandler - [id: 0x9d80b536, /127.0.0.1:43938 :> /127.0.0.1:6001] INACTIVE
11:34:28.685 [rxnetty-nio-eventloop-3-1] DEBUG i.n.handler.logging.LoggingHandler - [id: 0x9d80b536, /127.0.0.1:43938 :> /127.0.0.1:6001] UNREGISTERED
11:34:28.691 [rxnetty-nio-eventloop-3-1] DEBUG i.n.handler.logging.LoggingHandler - [id: 0x9d80b536, /127.0.0.1:43938 :> /127.0.0.1:6001] CLOSE()
Daemon is stopping immediately stop command received
